23:35:27 **** Incremental Build of configuration Debug for project TP_1 ****
Info: Internal Builder is used for build
gcc -o TP_1.exe "src\\TP_1.o" "src\\funciones.o" 
23:35:35 **** Incremental Build of configuration Debug for project TP_1 ****
Info: Internal Builder is used for build
gcc -O0 -g3 -Wall -c -fmessage-length=0 -o "src\\TP_1.o" "..\\src\\TP_1.c" 
gcc -o TP_1.exe "src\\TP_1.o" "src\\funciones.o" 
23:35:48 **** Incremental Build of configuration Debug for project TP_1 ****
Info: Internal Builder is used for build
gcc -O0 -g3 -Wall -c -fmessage-length=0 -o "src\\funciones.o" "..\\src\\funciones.c" 
gcc -o TP_1.exe "src\\TP_1.o" "src\\funciones.o" 
23:35:59 **** Incremental Build of configuration Debug for project TP_1 ****
Info: Internal Builder is used for build
gcc -O0 -g3 -Wall -c -fmessage-length=0 -o "src\\funciones.o" "..\\src\\funciones.c" 
gcc -o TP_1.exe "src\\TP_1.o" "src\\funciones.o" 
Info: Nothing to build for TP_1
23:36:28 **** Incremental Build of configuration Debug for project TP_1 ****
Info: Internal Builder is used for build
gcc -O0 -g3 -Wall -c -fmessage-length=0 -o "src\\funciones.o" "..\\src\\funciones.c" 
gcc -O0 -g3 -Wall -c -fmessage-length=0 -o "src\\TP_1.o" "..\\src\\TP_1.c" 
gcc -o TP_1.exe "src\\TP_1.o" "src\\funciones.o" 
23:45:43 **** Incremental Build of configuration Debug for project TP_1 ****
Info: Internal Builder is used for build
gcc -O0 -g3 -Wall -c -fmessage-length=0 -o "src\\TP_1.o" "..\\src\\TP_1.c" 
..\src\TP_1.c: In function 'MenuPrincipal':
..\src\TP_1.c:41:9: error: 'opcion' undeclared (first use in this function)
   41 |  }while(opcion ingresada != 6);
      |         ^~~~~~
..\src\TP_1.c:41:9: note: each undeclared identifier is reported only once for each function it appears in
..\src\TP_1.c:41:15: error: expected ')' before 'ingresada'
   41 |  }while(opcion ingresada != 6);
      |        ~      ^~~~~~~~~~
      |               )
..\src\TP_1.c:29:6: warning: unused variable 'opcionIngresada' [-Wunused-variable]
   29 |  int opcionIngresada;
      |      ^~~~~~~~~~~~~~~
23:49:35 **** Incremental Build of configuration Debug for project TP_1 ****
Info: Internal Builder is used for build
gcc -O0 -g3 -Wall -c -fmessage-length=0 -o "src\\TP_1.o" "..\\src\\TP_1.c" 
..\src\TP_1.c: In function 'MenuPrincipal':
..\src\TP_1.c:43:9: warning: too many arguments for format [-Wformat-extra-args]
   43 |   scanf("d", &opcionIngresada);
      |         ^~~
..\src\TP_1.c:47:46: error: expected ';' before '}' token
   47 |    printf("|--- ERROR (invalid option) ---|")
      |                                              ^
      |                                              ;
   48 |   }
      |   ~                                           
..\src\TP_1.c:50:9: error: 'opcion' undeclared (first use in this function)
   50 |  }while(opcion ingresada != 6);
      |         ^~~~~~
..\src\TP_1.c:50:9: note: each undeclared identifier is reported only once for each function it appears in
..\src\TP_1.c:50:15: error: expected ')' before 'ingresada'
   50 |  }while(opcion ingresada != 6);
      |        ~      ^~~~~~~~~~
      |               )
23:49:56 **** Incremental Build of configuration Debug for project TP_1 ****
Info: Internal Builder is used for build
gcc -O0 -g3 -Wall -c -fmessage-length=0 -o "src\\TP_1.o" "..\\src\\TP_1.c" 
..\src\TP_1.c: In function 'MenuPrincipal':
..\src\TP_1.c:50:9: error: 'opcion' undeclared (first use in this function)
   50 |  }while(opcion ingresada != 6);
      |         ^~~~~~
..\src\TP_1.c:50:9: note: each undeclared identifier is reported only once for each function it appears in
..\src\TP_1.c:50:15: error: expected ')' before 'ingresada'
   50 |  }while(opcion ingresada != 6);
      |        ~      ^~~~~~~~~~
      |               )
23:50:22 **** Incremental Build of configuration Debug for project TP_1 ****
Info: Internal Builder is used for build
gcc -O0 -g3 -Wall -c -fmessage-length=0 -o "src\\TP_1.o" "..\\src\\TP_1.c" 
gcc -o TP_1.exe "src\\TP_1.o" "src\\funciones.o" 
Info: Nothing to build for TP_1
Info: Nothing to build for TP_1
Info: Nothing to build for TP_1
23:50:49 **** Incremental Build of configuration Debug for project TP_1 ****
Info: Internal Builder is used for build
gcc -O0 -g3 -Wall -c -fmessage-length=0 -o "src\\TP_1.o" "..\\src\\TP_1.c" 
gcc -o TP_1.exe "src\\TP_1.o" "src\\funciones.o" 
23:53:37 **** Incremental Build of configuration Debug for project TP_1 ****
Info: Internal Builder is used for build
gcc -O0 -g3 -Wall -c -fmessage-length=0 -o "src\\TP_1.o" "..\\src\\TP_1.c" 
..\src\TP_1.c: In function 'MenuPrincipal':
..\src\TP_1.c:43:30: error: expected ';' before 'scanf'
   43 |   printf("Ingrese opcion:\n")
      |                              ^
      |                              ;
   44 |   scanf("%d", &opcionIngresada);
      |   ~~~~~                       
23:53:46 **** Incremental Build of configuration Debug for project TP_1 ****
Info: Internal Builder is used for build
gcc -O0 -g3 -Wall -c -fmessage-length=0 -o "src\\TP_1.o" "..\\src\\TP_1.c" 
gcc -o TP_1.exe "src\\TP_1.o" "src\\funciones.o" 
Info: Nothing to build for TP_1
23:55:36 **** Incremental Build of configuration Debug for project TP_1 ****
Info: Internal Builder is used for build
gcc -O0 -g3 -Wall -c -fmessage-length=0 -o "src\\TP_1.o" "..\\src\\TP_1.c" 
gcc -O0 -g3 -Wall -c -fmessage-length=0 -o "src\\funciones.o" "..\\src\\funciones.c" 
gcc -o TP_1.exe "src\\TP_1.o" "src\\funciones.o" 
c:/mingw/bin/../lib/gcc/mingw32/9.2.0/../../../../mingw32/bin/ld.exe: cannot open output file TP_1.exe: Permission denied
collect2.exe: error: ld returned 1 exit status
23:55:44 **** Incremental Build of configuration Debug for project TP_1 ****
Info: Internal Builder is used for build
gcc -o TP_1.exe "src\\TP_1.o" "src\\funciones.o" 
c:/mingw/bin/../lib/gcc/mingw32/9.2.0/../../../../mingw32/bin/ld.exe: cannot open output file TP_1.exe: Permission denied
collect2.exe: error: ld returned 1 exit status
23:55:52 **** Incremental Build of configuration Debug for project TP_1 ****
Info: Internal Builder is used for build
gcc -o TP_1.exe "src\\TP_1.o" "src\\funciones.o" 
Info: Nothing to build for TP_1
23:57:58 **** Incremental Build of configuration Debug for project TP_1 ****
Info: Internal Builder is used for build
gcc -O0 -g3 -Wall -c -fmessage-length=0 -o "src\\funciones.o" "..\\src\\funciones.c" 
..\src\funciones.c: In function 'Clear':
..\src\funciones.c:18:50: error: expected ';' before '}' token
   18 |  printf("\n\n\n\n\n\n\n\n\n\n\n\n\n\n\n\n\n\n\n")
      |                                                  ^
      |                                                  ;
   19 | }
      | ~                                                 
23:58:31 **** Incremental Build of configuration Debug for project TP_1 ****
Info: Internal Builder is used for build
gcc -O0 -g3 -Wall -c -fmessage-length=0 -o "src\\funciones.o" "..\\src\\funciones.c" 
gcc -O0 -g3 -Wall -c -fmessage-length=0 -o "src\\TP_1.o" "..\\src\\TP_1.c" 
gcc -o TP_1.exe "src\\TP_1.o" "src\\funciones.o" 
c:/mingw/bin/../lib/gcc/mingw32/9.2.0/../../../../mingw32/bin/ld.exe: cannot open output file TP_1.exe: Permission denied
collect2.exe: error: ld returned 1 exit status
23:58:43 **** Incremental Build of configuration Debug for project TP_1 ****
Info: Internal Builder is used for build
gcc -o TP_1.exe "src\\TP_1.o" "src\\funciones.o" 
23:59:21 **** Incremental Build of configuration Debug for project TP_1 ****
Info: Internal Builder is used for build
gcc -O0 -g3 -Wall -c -fmessage-length=0 -o "src\\TP_1.o" "..\\src\\TP_1.c" 
gcc -o TP_1.exe "src\\TP_1.o" "src\\funciones.o" 
00:00:08 **** Incremental Build of configuration Debug for project TP_1 ****
Info: Internal Builder is used for build
gcc -O0 -g3 -Wall -c -fmessage-length=0 -o "src\\funciones.o" "..\\src\\funciones.c" 
gcc -O0 -g3 -Wall -c -fmessage-length=0 -o "src\\TP_1.o" "..\\src\\TP_1.c" 
gcc -o TP_1.exe "src\\TP_1.o" "src\\funciones.o" 
00:00:43 **** Incremental Build of configuration Debug for project TP_1 ****
Info: Internal Builder is used for build
gcc -O0 -g3 -Wall -c -fmessage-length=0 -o "src\\TP_1.o" "..\\src\\TP_1.c" 
gcc -o TP_1.exe "src\\TP_1.o" "src\\funciones.o" 
00:01:07 **** Incremental Build of configuration Debug for project TP_1 ****
Info: Internal Builder is used for build
gcc -O0 -g3 -Wall -c -fmessage-length=0 -o "src\\funciones.o" "..\\src\\funciones.c" 
gcc -o TP_1.exe "src\\TP_1.o" "src\\funciones.o" 
Info: Nothing to build for TP_1
00:02:00 **** Incremental Build of configuration Debug for project TP_1 ****
Info: Internal Builder is used for build
gcc -O0 -g3 -Wall -c -fmessage-length=0 -o "src\\TP_1.o" "..\\src\\TP_1.c" 
gcc -O0 -g3 -Wall -c -fmessage-length=0 -o "src\\funciones.o" "..\\src\\funciones.c" 
..\src\funciones.c: In function 'Clear':
..\src\funciones.c:18:61: error: expected ';' before '}' token
   18 |  printf("\n\n\n\n\n\n\n\n\n\n\\n\n\n\n\n\n\n\n\n\n\n\n\n\n")
      |                                                             ^
      |                                                             ;
   19 | }
      | ~                                                            
00:02:17 **** Incremental Build of configuration Debug for project TP_1 ****
Info: Internal Builder is used for build
gcc -O0 -g3 -Wall -c -fmessage-length=0 -o "src\\funciones.o" "..\\src\\funciones.c" 
..\src\funciones.c: In function 'Clear':
..\src\funciones.c:18:61: error: expected ';' before '}' token
   18 |  printf("\n\n\n\n\n\n\n\n\n\n\\n\n\n\n\n\n\n\n\n\n\n\n\n\n")
      |                                                             ^
      |                                                             ;
   19 | }
      | ~                                                            
00:02:21 **** Incremental Build of configuration Debug for project TP_1 ****
Info: Internal Builder is used for build
gcc -O0 -g3 -Wall -c -fmessage-length=0 -o "src\\funciones.o" "..\\src\\funciones.c" 
..\src\funciones.c: In function 'Clear':
..\src\funciones.c:18:61: error: expected ';' before '}' token
   18 |  printf("\n\n\n\n\n\n\n\n\n\n\\n\n\n\n\n\n\n\n\n\n\n\n\n\n")
      |                                                             ^
      |                                                             ;
   19 | }
      | ~                                                            
00:02:47 **** Incremental Build of configuration Debug for project TP_1 ****
Info: Internal Builder is used for build
gcc -O0 -g3 -Wall -c -fmessage-length=0 -o "src\\funciones.o" "..\\src\\funciones.c" 
gcc -o TP_1.exe "src\\TP_1.o" "src\\funciones.o" 
c:/mingw/bin/../lib/gcc/mingw32/9.2.0/../../../../mingw32/bin/ld.exe: cannot open output file TP_1.exe: Permission denied
collect2.exe: error: ld returned 1 exit status
00:02:49 **** Incremental Build of configuration Debug for project TP_1 ****
Info: Internal Builder is used for build
gcc -o TP_1.exe "src\\TP_1.o" "src\\funciones.o" 
00:03:19 **** Incremental Build of configuration Debug for project TP_1 ****
Info: Internal Builder is used for build
gcc -O0 -g3 -Wall -c -fmessage-length=0 -o "src\\funciones.o" "..\\src\\funciones.c" 
gcc -o TP_1.exe "src\\TP_1.o" "src\\funciones.o" 
c:/mingw/bin/../lib/gcc/mingw32/9.2.0/../../../../mingw32/bin/ld.exe: cannot open output file TP_1.exe: Permission denied
collect2.exe: error: ld returned 1 exit status
00:03:20 **** Incremental Build of configuration Debug for project TP_1 ****
Info: Internal Builder is used for build
gcc -o TP_1.exe "src\\TP_1.o" "src\\funciones.o" 
00:25:19 **** Incremental Build of configuration Debug for project TP_1 ****
Info: Internal Builder is used for build
gcc -O0 -g3 -Wall -c -fmessage-length=0 -o "src\\subfunciones.o" "..\\src\\subfunciones.c" 
..\src\subfunciones.c: In function 'SubFuncionOne':
..\src\subfunciones.c:14:2: error: 'x' undeclared (first use in this function)
   14 |  x = validarNumero("Ingrese los KM del viaje: ", 2.7, 21.602);
      |  ^
..\src\subfunciones.c:14:2: note: each undeclared identifier is reported only once for each function it appears in
..\src\subfunciones.c:14:6: warning: implicit declaration of function 'validarNumero' [-Wimplicit-function-declaration]
   14 |  x = validarNumero("Ingrese los KM del viaje: ", 2.7, 21.602);
      |      ^~~~~~~~~~~~~
00:27:26 **** Incremental Build of configuration Debug for project TP_1 ****
Info: Internal Builder is used for build
gcc -O0 -g3 -Wall -c -fmessage-length=0 -o "src\\subfunciones.o" "..\\src\\subfunciones.c" 
..\src\subfunciones.c: In function 'SubFuncionOne':
..\src\subfunciones.c:14:2: error: 'x' undeclared (first use in this function)
   14 |  x = validarNumero("Ingrese los KM del viaje: ", 2.7, 21.602);
      |  ^
..\src\subfunciones.c:14:2: note: each undeclared identifier is reported only once for each function it appears in
..\src\subfunciones.c:14:6: warning: implicit declaration of function 'validarNumero' [-Wimplicit-function-declaration]
   14 |  x = validarNumero("Ingrese los KM del viaje: ", 2.7, 21.602);
      |      ^~~~~~~~~~~~~
00:27:32 **** Incremental Build of configuration Debug for project TP_1 ****
Info: Internal Builder is used for build
gcc -O0 -g3 -Wall -c -fmessage-length=0 -o "src\\funciones.o" "..\\src\\funciones.c" 
..\src\funciones.c: In function 'SubFuncionOne':
..\src\funciones.c:38:8: warning: variable 'x' set but not used [-Wunused-but-set-variable]
   38 |  float x;
      |        ^
gcc -O0 -g3 -Wall -c -fmessage-length=0 -o "src\\subfunciones.o" "..\\src\\subfunciones.c" 
..\src\subfunciones.c: In function 'SubFuncionOne':
..\src\subfunciones.c:14:2: error: 'x' undeclared (first use in this function)
   14 |  x = validarNumero("Ingrese los KM del viaje: ", 2.7, 21.602);
      |  ^
..\src\subfunciones.c:14:2: note: each undeclared identifier is reported only once for each function it appears in
..\src\subfunciones.c:14:6: warning: implicit declaration of function 'validarNumero' [-Wimplicit-function-declaration]
   14 |  x = validarNumero("Ingrese los KM del viaje: ", 2.7, 21.602);
      |      ^~~~~~~~~~~~~
00:28:39 **** Incremental Build of configuration Debug for project TP_1 ****
Info: Internal Builder is used for build
gcc -O0 -g3 -Wall -c -fmessage-length=0 -o "src\\subfunciones.o" "..\\src\\subfunciones.c" 
..\src\subfunciones.c: In function 'SubFuncionOne':
..\src\subfunciones.c:14:2: error: 'x' undeclared (first use in this function)
   14 |  x = validarNumero("Ingrese los KM del viaje: ", 2.7, 21.602);
      |  ^
..\src\subfunciones.c:14:2: note: each undeclared identifier is reported only once for each function it appears in
..\src\subfunciones.c:14:6: warning: implicit declaration of function 'validarNumero' [-Wimplicit-function-declaration]
   14 |  x = validarNumero("Ingrese los KM del viaje: ", 2.7, 21.602);
      |      ^~~~~~~~~~~~~
00:28:58 **** Incremental Build of configuration Debug for project TP_1 ****
Info: Internal Builder is used for build
gcc -O0 -g3 -Wall -c -fmessage-length=0 -o "src\\funciones.o" "..\\src\\funciones.c" 
..\src\funciones.c: In function 'SubFuncionOne':
..\src\funciones.c:38:8: warning: variable 'kilometrosIngresados' set but not used [-Wunused-but-set-variable]
   38 |  float kilometrosIngresados;
      |        ^~~~~~~~~~~~~~~~~~~~
gcc -O0 -g3 -Wall -c -fmessage-length=0 -o "src\\TP_1.o" "..\\src\\TP_1.c" 
gcc -o TP_1.exe "src\\TP_1.o" "src\\funciones.o" 
c:/mingw/bin/../lib/gcc/mingw32/9.2.0/../../../../mingw32/bin/ld.exe: cannot open output file TP_1.exe: Permission denied
collect2.exe: error: ld returned 1 exit status
00:29:06 **** Incremental Build of configuration Debug for project TP_1 ****
Info: Internal Builder is used for build
gcc -o TP_1.exe "src\\TP_1.o" "src\\funciones.o" 
00:30:16 **** Incremental Build of configuration Debug for project TP_1 ****
Info: Internal Builder is used for build
gcc -O0 -g3 -Wall -c -fmessage-length=0 -o "src\\funciones.o" "..\\src\\funciones.c" 
..\src\funciones.c: In function 'SubFuncionOne':
..\src\funciones.c:38:8: warning: variable 'kilometrosIngresados' set but not used [-Wunused-but-set-variable]
   38 |  float kilometrosIngresados;
      |        ^~~~~~~~~~~~~~~~~~~~
gcc -o TP_1.exe "src\\TP_1.o" "src\\funciones.o" 
c:/mingw/bin/../lib/gcc/mingw32/9.2.0/../../../../mingw32/bin/ld.exe: cannot open output file TP_1.exe: Permission denied
collect2.exe: error: ld returned 1 exit status
00:30:17 **** Incremental Build of configuration Debug for project TP_1 ****
Info: Internal Builder is used for build
gcc -o TP_1.exe "src\\TP_1.o" "src\\funciones.o" 
00:31:08 **** Incremental Build of configuration Debug for project TP_1 ****
Info: Internal Builder is used for build
gcc -O0 -g3 -Wall -c -fmessage-length=0 -o "src\\funciones.o" "..\\src\\funciones.c" 
..\src\funciones.c: In function 'SubFuncionOne':
..\src\funciones.c:38:8: warning: variable 'kilometrosIngresados' set but not used [-Wunused-but-set-variable]
   38 |  float kilometrosIngresados;
      |        ^~~~~~~~~~~~~~~~~~~~
gcc -o TP_1.exe "src\\TP_1.o" "src\\funciones.o" 
c:/mingw/bin/../lib/gcc/mingw32/9.2.0/../../../../mingw32/bin/ld.exe: cannot open output file TP_1.exe: Permission denied
collect2.exe: error: ld returned 1 exit status
00:31:09 **** Incremental Build of configuration Debug for project TP_1 ****
Info: Internal Builder is used for build
gcc -o TP_1.exe "src\\TP_1.o" "src\\funciones.o" 
Info: Nothing to build for TP_1
Info: Nothing to build for TP_1
00:33:14 **** Incremental Build of configuration Debug for project TP_1 ****
Info: Internal Builder is used for build
gcc -O0 -g3 -Wall -c -fmessage-length=0 -o "src\\TP_1.o" "..\\src\\TP_1.c" 
..\src\TP_1.c: In function 'MenuPrincipal':
..\src\TP_1.c:59:27: warning: implicit declaration of function 'validarNumero' [-Wimplicit-function-declaration]
   59 |    kilometrosIngresados = validarNumero("Ingrese los KM del viaje: ", 2.7, 21602);
      |                           ^~~~~~~~~~~~~
..\src\TP_1.c:30:8: warning: variable 'kilometrosIngresados' set but not used [-Wunused-but-set-variable]
   30 |  float kilometrosIngresados;
      |        ^~~~~~~~~~~~~~~~~~~~
gcc -O0 -g3 -Wall -c -fmessage-length=0 -o "src\\funciones.o" "..\\src\\funciones.c" 
gcc -o TP_1.exe "src\\TP_1.o" "src\\funciones.o" 
c:/mingw/bin/../lib/gcc/mingw32/9.2.0/../../../../mingw32/bin/ld.exe: cannot open output file TP_1.exe: Permission denied
collect2.exe: error: ld returned 1 exit status
00:34:11 **** Incremental Build of configuration Debug for project TP_1 ****
Info: Internal Builder is used for build
gcc -O0 -g3 -Wall -c -fmessage-length=0 -o "src\\TP_1.o" "..\\src\\TP_1.c" 
..\src\TP_1.c: In function 'MenuPrincipal':
..\src\TP_1.c:30:8: warning: variable 'x' set but not used [-Wunused-but-set-variable]
   30 |  float x;
      |        ^
gcc -o TP_1.exe "src\\TP_1.o" "src\\funciones.o" 
c:/mingw/bin/../lib/gcc/mingw32/9.2.0/../../../../mingw32/bin/ld.exe: cannot open output file TP_1.exe: Permission denied
collect2.exe: error: ld returned 1 exit status
00:34:22 **** Incremental Build of configuration Debug for project TP_1 ****
Info: Internal Builder is used for build
gcc -o TP_1.exe "src\\TP_1.o" "src\\funciones.o" 
Info: Nothing to build for TP_1
Info: Nothing to build for TP_1
